# JRE version: OpenJDK Runtime Environment (8.0_202-b03) (build 1.8.0_202-release-1483-b03)
# Java VM: OpenJDK 64-Bit Server VM (25.202-b03 mixed mode windows-amd64 compressed oops)
Heap:
 PSYoungGen      total 152064K, used 45496K [0x00000000e0000000, 0x00000000ecd80000, 0x0000000100000000)
  eden space 134144K, 33% used [0x00000000e0000000,0x00000000e2c6e3d8,0x00000000e8300000)
  from space 17920K, 0% used [0x00000000e8300000,0x00000000e8300000,0x00000000e9480000)
  to   space 18944K, 0% used [0x00000000ebb00000,0x00000000ebb00000,0x00000000ecd80000)
 ParOldGen       total 250368K, used 29681K [0x00000000a0000000, 0x00000000af480000, 0x00000000e0000000)
  object space 250368K, 11% used [0x00000000a0000000,0x00000000a1cfc630,0x00000000af480000)
 Metaspace       used 60826K, capacity 62484K, committed 62552K, reserved 1103872K
  class space    used 8103K, capacity 8515K, committed 8576K, reserved 1048576K
GC Heap History (10 events):
Event: 8.999 GC heap before
{Heap before GC invocations=8 (full 2):
 PSYoungGen      total 115712K, used 10048K [0x00000000e0000000, 0x00000000e7f80000, 0x0000000100000000)
  eden space 103424K, 0% used [0x00000000e0000000,0x00000000e0000000,0x00000000e6500000)
  from space 12288K, 81% used [0x00000000e7100000,0x00000000e7ad03b8,0x00000000e7d00000)
  to   space 12288K, 0% used [0x00000000e6500000,0x00000000e6500000,0x00000000e7100000)
 ParOldGen       total 106496K, used 11174K [0x00000000a0000000, 0x00000000a6800000, 0x00000000e0000000)
  object space 106496K, 10% used [0x00000000a0000000,0x00000000a0ae9938,0x00000000a6800000)
 Metaspace       used 34539K, capacity 35196K, committed 35416K, reserved 1079296K
  class space    used 4739K, capacity 4937K, committed 4992K, reserved 1048576K
Event: 9.078 GC heap after
Heap after GC invocations=8 (full 2):
 PSYoungGen      total 115712K, used 0K [0x00000000e0000000, 0x00000000e7f80000, 0x0000000100000000)
  eden space 103424K, 0% used [0x00000000e0000000,0x00000000e0000000,0x00000000e6500000)
  from space 12288K, 0% used [0x00000000e7100000,0x00000000e7100000,0x00000000e7d00000)
  to   space 12288K, 0% used [0x00000000e6500000,0x00000000e6500000,0x00000000e7100000)
 ParOldGen       total 174592K, used 16915K [0x00000000a0000000, 0x00000000aaa80000, 0x00000000e0000000)
  object space 174592K, 9% used [0x00000000a0000000,0x00000000a1084c18,0x00000000aaa80000)
 Metaspace       used 34539K, capacity 35196K, committed 35416K, reserved 1079296K
  class space    used 4739K, capacity 4937K, committed 4992K, reserved 1048576K
}
Event: 10.528 GC heap before
{Heap before GC invocations=9 (full 2):
 PSYoungGen      total 115712K, used 103424K [0x00000000e0000000, 0x00000000e7f80000, 0x0000000100000000)
  eden space 103424K, 100% used [0x00000000e0000000,0x00000000e6500000,0x00000000e6500000)
  from space 12288K, 0% used [0x00000000e7100000,0x00000000e7100000,0x00000000e7d00000)
  to   space 12288K, 0% used [0x00000000e6500000,0x00000000e6500000,0x00000000e7100000)
 ParOldGen       total 174592K, used 16915K [0x00000000a0000000, 0x00000000aaa80000, 0x00000000e0000000)
  object space 174592K, 9% used [0x00000000a0000000,0x00000000a1084c18,0x00000000aaa80000)
 Metaspace       used 45295K, capacity 46198K, committed 46552K, reserved 1089536K
  class space    used 6099K, capacity 6338K, committed 6400K, reserved 1048576K
Event: 10.539 GC heap after
Heap after GC invocations=9 (full 2):
 PSYoungGen      total 115712K, used 12275K [0x00000000e0000000, 0x00000000ea280000, 0x0000000100000000)
  eden space 103424K, 0% used [0x00000000e0000000,0x00000000e0000000,0x00000000e6500000)
  from space 12288K, 99% used [0x00000000e6500000,0x00000000e70fccc0,0x00000000e7100000)
  to   space 14336K, 0% used [0x00000000e9480000,0x00000000e9480000,0x00000000ea280000)
 ParOldGen       total 174592K, used 18773K [0x00000000a0000000, 0x00000000aaa80000, 0x00000000e0000000)
  object space 174592K, 10% used [0x00000000a0000000,0x00000000a1255728,0x00000000aaa80000)
 Metaspace       used 45295K, capacity 46198K, committed 46552K, reserved 1089536K
  class space    used 6099K, capacity 6338K, committed 6400K, reserved 1048576K
}
Event: 11.705 GC heap before
{Heap before GC invocations=10 (full 2):
 PSYoungGen      total 115712K, used 115699K [0x00000000e0000000, 0x00000000ea280000, 0x0000000100000000)
  eden space 103424K, 100% used [0x00000000e0000000,0x00000000e6500000,0x00000000e6500000)
  from space 12288K, 99% used [0x00000000e6500000,0x00000000e70fccc0,0x00000000e7100000)
  to   space 14336K, 0% used [0x00000000e9480000,0x00000000e9480000,0x00000000ea280000)
 ParOldGen       total 174592K, used 18773K [0x00000000a0000000, 0x00000000aaa80000, 0x00000000e0000000)
  object space 174592K, 10% used [0x00000000a0000000,0x00000000a1255728,0x00000000aaa80000)
 Metaspace       used 54079K, capacity 55526K, committed 55768K, reserved 1097728K
  class space    used 7305K, capacity 7676K, committed 7680K, reserved 1048576K
Event: 11.733 GC heap after
Heap after GC invocations=10 (full 2):
 PSYoungGen      total 148480K, used 14319K [0x00000000e0000000, 0x00000000eb100000, 0x0000000100000000)
  eden space 134144K, 0% used [0x00000000e0000000,0x00000000e0000000,0x00000000e8300000)
  from space 14336K, 99% used [0x00000000e9480000,0x00000000ea27bd40,0x00000000ea280000)
  to   space 17920K, 0% used [0x00000000e8300000,0x00000000e8300000,0x00000000e9480000)
 ParOldGen       total 174592K, used 22794K [0x00000000a0000000, 0x00000000aaa80000, 0x00000000e0000000)
  object space 174592K, 13% used [0x00000000a0000000,0x00000000a1642808,0x00000000aaa80000)
 Metaspace       used 54079K, capacity 55526K, committed 55768K, reserved 1097728K
  class space    used 7305K, capacity 7676K, committed 7680K, reserved 1048576K
}
Event: 12.345 GC heap before
{Heap before GC invocations=11 (full 2):
 PSYoungGen      total 148480K, used 54630K [0x00000000e0000000, 0x00000000eb100000, 0x0000000100000000)
  eden space 134144K, 30% used [0x00000000e0000000,0x00000000e275de20,0x00000000e8300000)
  from space 14336K, 99% used [0x00000000e9480000,0x00000000ea27bd40,0x00000000ea280000)
  to   space 17920K, 0% used [0x00000000e8300000,0x00000000e8300000,0x00000000e9480000)
 ParOldGen       total 174592K, used 22794K [0x00000000a0000000, 0x00000000aaa80000, 0x00000000e0000000)
  object space 174592K, 13% used [0x00000000a0000000,0x00000000a1642808,0x00000000aaa80000)
 Metaspace       used 57241K, capacity 58828K, committed 58968K, reserved 1099776K
  class space    used 7819K, capacity 8203K, committed 8320K, reserved 1048576K
Event: 12.364 GC heap after
Heap after GC invocations=11 (full 2):
 PSYoungGen      total 152064K, used 15452K [0x00000000e0000000, 0x00000000ecd80000, 0x0000000100000000)
  eden space 134144K, 0% used [0x00000000e0000000,0x00000000e0000000,0x00000000e8300000)
  from space 17920K, 86% used [0x00000000e8300000,0x00000000e9217380,0x00000000e9480000)
  to   space 18944K, 0% used [0x00000000ebb00000,0x00000000ebb00000,0x00000000ecd80000)
 ParOldGen       total 174592K, used 22802K [0x00000000a0000000, 0x00000000aaa80000, 0x00000000e0000000)
  object space 174592K, 13% used [0x00000000a0000000,0x00000000a1644808,0x00000000aaa80000)
 Metaspace       used 57241K, capacity 58828K, committed 58968K, reserved 1099776K
  class space    used 7819K, capacity 8203K, committed 8320K, reserved 1048576K
}
Event: 12.364 GC heap before
{Heap before GC invocations=12 (full 3):
 PSYoungGen      total 152064K, used 15452K [0x00000000e0000000, 0x00000000ecd80000, 0x0000000100000000)
  eden space 134144K, 0% used [0x00000000e0000000,0x00000000e0000000,0x00000000e8300000)
  from space 17920K, 86% used [0x00000000e8300000,0x00000000e9217380,0x00000000e9480000)
  to   space 18944K, 0% used [0x00000000ebb00000,0x00000000ebb00000,0x00000000ecd80000)
 ParOldGen       total 174592K, used 22802K [0x00000000a0000000, 0x00000000aaa80000, 0x00000000e0000000)
  object space 174592K, 13% used [0x00000000a0000000,0x00000000a1644808,0x00000000aaa80000)
 Metaspace       used 57241K, capacity 58828K, committed 58968K, reserved 1099776K
  class space    used 7819K, capacity 8203K, committed 8320K, reserved 1048576K
Event: 12.550 GC heap after
Heap after GC invocations=12 (full 3):
 PSYoungGen      total 152064K, used 0K [0x00000000e0000000, 0x00000000ecd80000, 0x0000000100000000)
  eden space 134144K, 0% used [0x00000000e0000000,0x00000000e0000000,0x00000000e8300000)
  from space 17920K, 0% used [0x00000000e8300000,0x00000000e8300000,0x00000000e9480000)
  to   space 18944K, 0% used [0x00000000ebb00000,0x00000000ebb00000,0x00000000ecd80000)
 ParOldGen       total 250368K, used 29681K [0x00000000a0000000, 0x00000000af480000, 0x00000000e0000000)
  object space 250368K, 11% used [0x00000000a0000000,0x00000000a1cfc630,0x00000000af480000)
 Metaspace       used 57241K, capacity 58828K, committed 58968K, reserved 1099776K
  class space    used 7819K, capacity 8203K, committed 8320K, reserved 1048576K
}

